<?xml version="1.0" encoding="UTF-8"?>
<!-- Generated by org.testng.reporters.JUnitReportReporter -->
<testsuite skipped="0" hostname="Anoop" name="com.api.testCases" tests="4" failures="0" timestamp="01 Feb 2021 14:56:20 GMT" time="28.357" errors="0">
  <testcase name="testGetUsers" time="18.029" classname="com.api.testCases"/>
  <testcase name="addnewUser" time="5.656" classname="com.api.testCases"/>
  <testcase name="getUser" time="0.953" classname="com.api.testCases"/>
  <testcase name="testDelete" time="3.719" classname="com.api.testCases"/>
</testsuite> <!-- com.api.testCases -->
