<?xml version="1.0" encoding="UTF-8"?>
<!-- Generated by org.testng.reporters.JUnitReportReporter -->
<testsuite skipped="0" hostname="Anoop" name="com.api.testCases" tests="1" failures="0" timestamp="05 Feb 2021 12:48:45 GMT" time="19.657" errors="0">
  <testcase name="updateUser" time="19.657" classname="com.api.testCases"/>
</testsuite> <!-- com.api.testCases -->
