<?xml version="1.0" encoding="UTF-8"?>
<!-- Generated by org.testng.reporters.JUnitReportReporter -->
<testsuite skipped="0" hostname="Anoop" name="com.api.testCases" tests="4" failures="0" timestamp="01 Feb 2021 15:09:35 GMT" time="28.188" errors="0">
  <testcase name="testGetUsers" time="16.391" classname="com.api.testCases"/>
  <testcase name="addnewUser" time="2.641" classname="com.api.testCases"/>
  <testcase name="getUser" time="7.703" classname="com.api.testCases"/>
  <testcase name="testDelete" time="1.453" classname="com.api.testCases"/>
</testsuite> <!-- com.api.testCases -->
