<?xml version="1.0" encoding="UTF-8"?>
<!-- Generated by org.testng.reporters.JUnitReportReporter -->
<testsuite skipped="0" hostname="Anoop" name="com.api.testCases" tests="5" failures="0" timestamp="08 Feb 2021 14:15:02 GMT" time="20.369" errors="0">
  <testcase name="testGetUsers" time="10.597" classname="com.api.testCases"/>
  <testcase name="addnewUser" time="5.970" classname="com.api.testCases"/>
  <testcase name="getUser" time="1.839" classname="com.api.testCases"/>
  <testcase name="testDelete" time="1.007" classname="com.api.testCases"/>
  <testcase name="updateUser" time="0.956" classname="com.api.testCases"/>
</testsuite> <!-- com.api.testCases -->
