<?xml version="1.0" encoding="UTF-8"?>
<!-- Generated by org.testng.reporters.JUnitReportReporter -->
<testsuite skipped="0" hostname="Anoop" name="com.api.testCases" tests="5" failures="0" timestamp="05 Feb 2021 14:06:02 GMT" time="23.866" errors="0">
  <testcase name="testGetUsers" time="18.038" classname="com.api.testCases"/>
  <testcase name="addnewUser" time="3.099" classname="com.api.testCases"/>
  <testcase name="getUser" time="0.731" classname="com.api.testCases"/>
  <testcase name="testDelete" time="0.986" classname="com.api.testCases"/>
  <testcase name="updateUser" time="1.012" classname="com.api.testCases"/>
</testsuite> <!-- com.api.testCases -->
